Britian ssstonebraker/braker-scripts 1443403871
Britian ga7g08/pymapgb 1443406790
Buddah bgbennyboy/DoubleFine-Explorer 1443407221
Buddah schdub/tsto 1443407231
Buddah lukezheng/Buddah 1443407241
Buddist scoverage/scalac-scoverage-plugin 1443407252
Cambrige erdincyilmazel/Cambridge 1443407262
Cambrige lesfurets/lesfurets-conferences 1443407276
Carribbean mlettini/Best-Playlist-Ever 1443407874
Carribean Gericom/EveryFileExplorer 1443407885
Carribean danoctavian/bit-smuggler 1443407899
Carribean mitre-cyber-academy/2013-ctf-game 1443407909
Cataline hasalex/classpath-demo 1443407919
Ceasar karan/Projects 1443408123
Ceasar karan/Projects-Solutions 1443408133
Ceasar gterrono/houston 1443408144
Ceasar jhardy/compass-ceaser-easing 1443408154
Ceasar Srirangan/notifer.js 1443408164
Ceasar MHM5000/TreehouseShow 1443408174
Ceasar Ceasar/dots 1443408184
Ceasar Ceasar/twosheds 1443408194
Ceasar ryanbrownhill/ae-css 1443408204
